{
  "RSpec": {
    "coverage": {
      "/Users/becarella/Projects/let_me_in/lib/let_me_in.rb": [
        1,
        1,
        1,
        null,
        1,
        null
      ],
      "/Users/becarella/Projects/let_me_in/lib/let_me_in/engine.rb": [
        null,
        1,
        1,
        1,
        1,
        6,
        1,
        2,
        1,
        null,
        null,
        null,
        null,
        1,
        1,
        0,
        0,
        0,
        null,
        0,
        0,
        0,
        0,
        null,
        0,
        null,
        null,
        null,
        null
      ],
      "/Users/becarella/Projects/let_me_in/lib/let_me_in/linked_accounts/account.rb": [
        1,
        1,
        1,
        1,
        null,
        1,
        null,
        1,
        4,
        4,
        4,
        4,
        4,
        null,
        null,
        1,
        null,
        null,
        null,
        1,
        5,
        null,
        null,
        1,
        4,
        null,
        null,
        1,
        2,
        null,
        null,
        null,
        null,
        null,
        1,
        null,
        1,
        1,
        1,
        null,
        null,
        null,
        null,
        1,
        null,
        null,
        null,
        1,
        12,
        null,
        null,
        1,
        3,
        null,
        null,
        1,
        6,
        null,
        null,
        1,
        6,
        null,
        null,
        null,
        null,
        null
      ],
      "/Users/becarella/Projects/let_me_in/lib/let_me_in/linked_accounts/banters_account.rb": [
        1,
        1,
        1,
        1,
        null,
        1,
        null,
        1,
        null,
        null,
        null,
        null,
        null,
        null,
        7,
        7,
        null,
        null,
        null,
        null,
        null,
        1,
        null,
        1,
        7,
        7,
        null,
        null,
        null,
        null,
        null,
        null,
        null
      ],
      "/Users/becarella/Projects/let_me_in/lib/let_me_in/linked_accounts/identity.rb": [
        1,
        1,
        1,
        1,
        null,
        1,
        1,
        null,
        1,
        1,
        null,
        1,
        null,
        1,
        null,
        null,
        null,
        null,
        null,
        1,
        null,
        null,
        null,
        null,
        1,
        null,
        null,
        1,
        null,
        1,
        57,
        null,
        null,
        1,
        4,
        4,
        4,
        null,
        null,
        null,
        null,
        null,
        1,
        null,
        1,
        2,
        null,
        null,
        2,
        null,
        null,
        2,
        null,
        null,
        1,
        8,
        null,
        8,
        null,
        null,
        1,
        3,
        3,
        null,
        null,
        null,
        null,
        null
      ],
      "/Users/becarella/Projects/let_me_in/lib/let_me_in/linked_accounts/instagram_account.rb": [
        1,
        1,
        1,
        1,
        null,
        1,
        null,
        1,
        null,
        null,
        null,
        null,
        null,
        null,
        null,
        8,
        8,
        null,
        null,
        null,
        null,
        null,
        1,
        null,
        1,
        8,
        8,
        null,
        null,
        null,
        null,
        null,
        null,
        null
      ],
      "/Users/becarella/Projects/let_me_in/lib/let_me_in/linked_accounts/twitter_account.rb": [
        1,
        1,
        1,
        1,
        null,
        null,
        1,
        null,
        1,
        null,
        null,
        null,
        null,
        null,
        null,
        null,
        null,
        8,
        8,
        null,
        null,
        null,
        null,
        1,
        null,
        1,
        8,
        8,
        null,
        null,
        null,
        null,
        null,
        null,
        null,
        null
      ],
      "/Users/becarella/Projects/let_me_in/lib/let_me_in/core_ext/html_escape.rb": [
        null,
        1,
        1,
        1,
        3,
        3,
        0,
        null,
        3,
        null,
        null,
        1,
        1,
        1,
        null,
        null
      ],
      "/Users/becarella/Projects/let_me_in/lib/let_me_in/handlebars_config.rb": [
        1,
        1,
        null,
        1,
        18,
        null,
        null,
        1,
        0,
        null,
        null,
        1,
        9,
        9,
        9,
        null,
        null,
        1,
        null,
        null,
        null,
        null,
        null,
        null,
        null,
        null,
        null
      ],
      "/Users/becarella/Projects/let_me_in/app/controllers/let_me_in/application_controller.rb": [
        1,
        1,
        1,
        1,
        1,
        null,
        1,
        9,
        null,
        null,
        null
      ],
      "/Users/becarella/Projects/let_me_in/app/helpers/let_me_in/application_helper.rb": [
        1,
        1,
        null,
        null
      ],
      "/Users/becarella/Projects/let_me_in/app/helpers/let_me_in/sessions_helper.rb": [
        1,
        1,
        null,
        1,
        5,
        5,
        null,
        null,
        1,
        7,
        null,
        null,
        1,
        0,
        0,
        0,
        null,
        null,
        1,
        5,
        null,
        null,
        1,
        11,
        null,
        null,
        1,
        7,
        null,
        null,
        1,
        2,
        2,
        null,
        null,
        1,
        2,
        null,
        null,
        1,
        0,
        null,
        null,
        null,
        1,
        null,
        1,
        2,
        null,
        null,
        1,
        2,
        null,
        null,
        null
      ],
      "/Users/becarella/Projects/let_me_in/app/controllers/let_me_in/auth_controller.rb": [
        1,
        1,
        null,
        1,
        null,
        1,
        1,
        null,
        null,
        1,
        4,
        4,
        4,
        null,
        null,
        1,
        2,
        2,
        0,
        0,
        0,
        null,
        2,
        null,
        2,
        null,
        null,
        1,
        0,
        0,
        0,
        0,
        0,
        0,
        null,
        0,
        0,
        0,
        null,
        0,
        0,
        0,
        null,
        null,
        null,
        null
      ],
      "/Users/becarella/Projects/let_me_in/app/controllers/let_me_in/linked_accounts_controller.rb": [
        1,
        1,
        1,
        null,
        1,
        0,
        null,
        null,
        null
      ],
      "/Users/becarella/Projects/let_me_in/app/controllers/let_me_in/sessions_controller.rb": [
        1,
        1,
        1,
        null,
        1,
        0,
        null,
        null,
        1,
        0,
        0,
        0,
        null,
        null,
        1,
        1,
        0,
        0,
        null,
        null,
        null,
        null
      ]
    },
    "timestamp": 1337276391
  }
}
